\BOOKMARK [0][-]{chapter.1}{\376\377\000T\000a\000b\000l\000e\000\040\000o\000f\000\040\000C\000o\000n\000t\000e\000n\000t\000s}{}% 1
\BOOKMARK [1][-]{section.1.1}{\376\377\000A\000P\000I\000\040\000R\000e\000f\000e\000r\000e\000n\000c\000e}{chapter.1}% 2
\BOOKMARK [2][-]{subsection.1.1.1}{\376\377\000E\000n\000v\000i\000r\000o\000n\000m\000e\000n\000t}{section.1.1}% 3
\BOOKMARK [2][-]{subsection.1.1.2}{\376\377\000E\000s\000t\000i\000m\000a\000t\000o\000r}{section.1.1}% 4
\BOOKMARK [1][-]{section.1.2}{\376\377\000I\000n\000t\000e\000r\000f\000a\000c\000e\000\040\000F\000i\000l\000e\000s}{chapter.1}% 5
\BOOKMARK [2][-]{subsection.1.2.1}{\376\377\000P\000r\000o\000d\000u\000c\000t\000i\000o\000n\000\040\000s\000t\000r\000u\000c\000t\000u\000r\000e}{section.1.2}% 6
\BOOKMARK [3][-]{subsubsection*.17}{\376\377\000O\000r\000d\000e\000r}{subsection.1.2.1}% 7
\BOOKMARK [3][-]{subsubsection*.23}{\376\377\000S\000t\000a\000t\000i\000o\000n}{subsection.1.2.1}% 8
\BOOKMARK [3][-]{subsubsection*.24}{\376\377\000F\000a\000c\000t\000o\000r\000y}{subsection.1.2.1}% 9
\BOOKMARK [2][-]{subsection.1.2.2}{\376\377\000P\000r\000o\000d\000u\000c\000t\000i\000o\000n\000\040\000f\000u\000n\000c\000t\000i\000o\000n\000s}{section.1.2}% 10
\BOOKMARK [3][-]{subsubsection*.25}{\376\377\000P\000r\000o\000c\000e\000s\000s\000\040\000f\000u\000n\000c\000t\000i\000o\000n}{subsection.1.2.2}% 11
\BOOKMARK [3][-]{subsubsection*.26}{\376\377\000S\000o\000u\000r\000c\000e\000\040\000a\000n\000d\000\040\000S\000i\000n\000k}{subsection.1.2.2}% 12
\BOOKMARK [3][-]{subsubsection*.27}{\376\377\000G\000l\000o\000b\000a\000l\000\040\000f\000u\000n\000c\000t\000i\000o\000n}{subsection.1.2.2}% 13
\BOOKMARK [3][-]{subsubsection*.28}{\376\377\000D\000i\000s\000t\000r\000i\000b\000u\000t\000i\000o\000n}{subsection.1.2.2}% 14
\BOOKMARK [2][-]{subsection.1.2.3}{\376\377\000A\000t\000t\000r\000i\000b\000u\000t\000e\000\040\000v\000a\000l\000u\000e\000s}{section.1.2}% 15
\BOOKMARK [3][-]{subsubsection*.29}{\376\377\000U\000s\000e\000r\000\040\000d\000e\000f\000i\000n\000e\000d}{subsection.1.2.3}% 16
\BOOKMARK [3][-]{subsubsection*.30}{\376\377\000F\000i\000x\000e\000d}{subsection.1.2.3}% 17
\BOOKMARK [3][-]{subsubsection*.31}{\376\377\000B\000i\000n\000a\000r\000y}{subsection.1.2.3}% 18
\BOOKMARK [3][-]{subsubsection*.32}{\376\377\000B\000i\000n\000o\000m\000i\000a\000l}{subsection.1.2.3}% 19
\BOOKMARK [3][-]{subsubsection*.33}{\376\377\000N\000o\000r\000m\000a\000l}{subsection.1.2.3}% 20
\BOOKMARK [3][-]{subsubsection*.34}{\376\377\000U\000n\000i\000f\000o\000r\000m}{subsection.1.2.3}% 21
\BOOKMARK [3][-]{subsubsection*.35}{\376\377\000P\000o\000i\000s\000s\000o\000n}{subsection.1.2.3}% 22
\BOOKMARK [3][-]{subsubsection*.36}{\376\377\000E\000x\000p\000o\000n\000e\000n\000t\000i\000a\000l}{subsection.1.2.3}% 23
\BOOKMARK [3][-]{subsubsection*.37}{\376\377\000L\000o\000g\000n\000o\000r\000m\000a\000l}{subsection.1.2.3}% 24
\BOOKMARK [3][-]{subsubsection*.38}{\376\377\000C\000h\000i\000s\000q\000u\000a\000r\000e}{subsection.1.2.3}% 25
\BOOKMARK [3][-]{subsubsection*.39}{\376\377\000S\000t\000u\000d\000e\000n\000t\000-\000t}{subsection.1.2.3}% 26
\BOOKMARK [1][-]{section.1.3}{\376\377\000E\000x\000a\000m\000p\000l\000e\000s}{chapter.1}% 27
\BOOKMARK [2][-]{subsection.1.3.1}{\376\377\000E\000x\000a\000m\000p\000l\000e\000\040\0000\0001\000:\000\040\000G\000e\000a\000r\000b\000o\000x}{section.1.3}% 28
\BOOKMARK [3][-]{subsubsection*.40}{\376\377\000P\000r\000o\000c\000e\000s\000s\000\040\000d\000e\000s\000c\000r\000i\000p\000t\000i\000o\000n}{subsection.1.3.1}% 29
\BOOKMARK [3][-]{subsubsection*.41}{\376\377\000D\000e\000f\000i\000n\000e\000\040\000o\000r\000d\000e\000r\000s}{subsection.1.3.1}% 30
\BOOKMARK [3][-]{subsubsection*.42}{\376\377\000D\000e\000f\000i\000n\000e\000\040\000s\000t\000a\000t\000i\000o\000n\000s}{subsection.1.3.1}% 31
\BOOKMARK [3][-]{subsubsection*.43}{\376\377\000D\000e\000f\000i\000n\000e\000\040\000f\000a\000c\000t\000o\000r\000y}{subsection.1.3.1}% 32
\BOOKMARK [3][-]{subsubsection*.44}{\376\377\000D\000e\000f\000i\000n\000e\000\040\000f\000u\000n\000c\000t\000i\000o\000n\000s}{subsection.1.3.1}% 33
\BOOKMARK [3][-]{subsubsection*.45}{\376\377\000I\000n\000s\000p\000e\000c\000t}{subsection.1.3.1}% 34
\BOOKMARK [3][-]{subsubsection*.46}{\376\377\000V\000i\000s\000u\000a\000l\000i\000z\000e}{subsection.1.3.1}% 35
\BOOKMARK [2][-]{subsection.1.3.2}{\376\377\000E\000x\000a\000m\000p\000l\000e\000\040\0000\0002\000:\000\040\000S\000h\000a\000f\000t}{section.1.3}% 36
\BOOKMARK [3][-]{subsubsection*.47}{\376\377\000P\000r\000o\000c\000e\000s\000s\000\040\000d\000e\000s\000c\000r\000i\000p\000t\000i\000o\000n}{subsection.1.3.2}% 37
\BOOKMARK [3][-]{subsubsection*.48}{\376\377\000P\000r\000o\000c\000e\000s\000s\000\040\000f\000u\000n\000c\000t\000i\000o\000n\000:\000\040\000d\000r\000i\000l\000l\000i\000n\000g}{subsection.1.3.2}% 38
\BOOKMARK [3][-]{subsubsection*.49}{\376\377\000P\000r\000o\000c\000e\000s\000s\000\040\000f\000u\000n\000c\000t\000i\000o\000n\000:\000\040\000t\000u\000r\000n\000i\000n\000g}{subsection.1.3.2}% 39
\BOOKMARK [3][-]{subsubsection*.50}{\376\377\000P\000r\000o\000c\000e\000s\000s\000\040\000f\000u\000n\000c\000t\000i\000o\000n\000:\000\040\000p\000o\000l\000i\000s\000h\000i\000n\000g}{subsection.1.3.2}% 40
\BOOKMARK [3][-]{subsubsection*.51}{\376\377\000G\000l\000o\000b\000a\000l\000\040\000f\000u\000n\000c\000t\000i\000o\000n\000:\000\040\000t\000e\000m\000p\000e\000r\000a\000t\000u\000r\000e}{subsection.1.3.2}% 41
\BOOKMARK [3][-]{subsubsection*.52}{\376\377\000S\000t\000a\000r\000t\000\040\000s\000i\000m\000u\000l\000a\000t\000i\000o\000n}{subsection.1.3.2}% 42
\BOOKMARK [3][-]{subsubsection*.53}{\376\377\000S\000i\000m\000u\000l\000a\000t\000i\000o\000n\000\040\000o\000u\000t\000p\000u\000t}{subsection.1.3.2}% 43
\BOOKMARK [2][-]{subsection.1.3.3}{\376\377\000E\000x\000a\000m\000p\000l\000e\000\040\0000\0003\000:\000\040\000B\000o\000l\000t}{section.1.3}% 44
\BOOKMARK [3][-]{subsubsection*.54}{\376\377\000P\000r\000o\000c\000e\000s\000s\000\040\000d\000e\000s\000c\000r\000i\000p\000t\000i\000o\000n}{subsection.1.3.3}% 45
\BOOKMARK [3][-]{subsubsection*.55}{\376\377\000S\000o\000u\000r\000c\000e}{subsection.1.3.3}% 46
\BOOKMARK [3][-]{subsubsection*.56}{\376\377\000G\000l\000o\000b\000a\000l\000\040\000f\000u\000n\000c\000t\000i\000o\000n}{subsection.1.3.3}% 47
\BOOKMARK [3][-]{subsubsection*.57}{\376\377\000P\000r\000o\000c\000e\000s\000s\000\040\000f\000u\000n\000c\000t\000i\000o\000n\000:\000\040\000f\000o\000r\000g\000i\000n\000g}{subsection.1.3.3}% 48
\BOOKMARK [3][-]{subsubsection*.58}{\376\377\000S\000i\000n\000k}{subsection.1.3.3}% 49
\BOOKMARK [3][-]{subsubsection*.59}{\376\377\000S\000i\000m\000u\000l\000a\000t\000i\000o\000n\000\040\000o\000u\000t\000p\000u\000t}{subsection.1.3.3}% 50
\BOOKMARK [2][-]{subsection.1.3.4}{\376\377\000E\000x\000a\000m\000p\000l\000e\000\040\0000\0004\000:\000\040\000T\000o\000y\000\040\000f\000i\000g\000u\000r\000e}{section.1.3}% 51
\BOOKMARK [3][-]{subsubsection*.60}{\376\377\000P\000r\000o\000c\000e\000s\000s\000\040\000d\000e\000s\000c\000r\000i\000p\000t\000i\000o\000n}{subsection.1.3.4}% 52
\BOOKMARK [3][-]{subsubsection*.61}{\376\377\000A\000s\000s\000e\000m\000b\000l\000e\000\040\000f\000u\000n\000c\000t\000i\000o\000n}{subsection.1.3.4}% 53
\BOOKMARK [3][-]{subsubsection*.62}{\376\377\000Q\000u\000a\000l\000i\000t\000y\000\040\000c\000h\000e\000c\000k}{subsection.1.3.4}% 54
\BOOKMARK [3][-]{subsubsection*.63}{\376\377\000M\000e\000r\000g\000e\000\040\000o\000u\000t\000p\000u\000t\000\040\000d\000a\000t\000a}{subsection.1.3.4}% 55
\BOOKMARK [3][-]{subsubsection*.64}{\376\377\000I\000d\000e\000n\000t\000i\000f\000y\000\040\000r\000e\000j\000e\000c\000t\000e\000d\000\040\000i\000t\000e\000m\000s}{subsection.1.3.4}% 56
\BOOKMARK [0][-]{section*.65}{\376\377\000P\000y\000t\000h\000o\000n\000\040\000M\000o\000d\000u\000l\000e\000\040\000I\000n\000d\000e\000x}{}% 57
